0 info it worked if it ends with ok
1 verbose cli [ '/Users/xiayan/.nvm/versions/node/v6.9.0/bin/node',
1 verbose cli   '/Users/xiayan/.nvm/versions/node/v6.9.0/bin/npm',
1 verbose cli   'run',
1 verbose cli   'dev:h5' ]
2 info using npm@3.10.8
3 info using node@v6.9.0
4 verbose run-script [ 'predev:h5', 'dev:h5', 'postdev:h5' ]
5 info lifecycle myprogram@1.0.0~predev:h5: myprogram@1.0.0
6 silly lifecycle myprogram@1.0.0~predev:h5: no script for predev:h5, continuing
7 info lifecycle myprogram@1.0.0~dev:h5: myprogram@1.0.0
8 verbose lifecycle myprogram@1.0.0~dev:h5: unsafe-perm in lifecycle true
9 verbose lifecycle myprogram@1.0.0~dev:h5: PATH: /Users/xiayan/.nvm/versions/node/v6.9.0/lib/node_modules/npm/bin/node-gyp-bin:/Applications/Program/duoduan/taro/myprogram/node_modules/.bin:/Users/xiayan/.nvm/versions/node/v6.9.0/bin/taro:/usr/local/bin:/usr/bin:/bin:/usr/sbin:/sbin:/Users/xiayan/.nvm/versions/node/v6.9.0/bin:/Users/xiayan/.nvm/versions/node/v6.9.0/bin:/usr/local/mysql/bin:/usr/local/mysql/support-files:/usr/local/mysql/bin:/usr/local/mysql/support-files
10 verbose lifecycle myprogram@1.0.0~dev:h5: CWD: /Applications/Program/duoduan/taro/myprogram
11 silly lifecycle myprogram@1.0.0~dev:h5: Args: [ '-c', 'npm run build:h5 -- --watch' ]
12 silly lifecycle myprogram@1.0.0~dev:h5: Returned: code: 1  signal: null
13 info lifecycle myprogram@1.0.0~dev:h5: Failed to exec dev:h5 script
14 verbose stack Error: myprogram@1.0.0 dev:h5: `npm run build:h5 -- --watch`
14 verbose stack Exit status 1
14 verbose stack     at EventEmitter.<anonymous> (/Users/xiayan/.nvm/versions/node/v6.9.0/lib/node_modules/npm/lib/utils/lifecycle.js:255:16)
14 verbose stack     at emitTwo (events.js:106:13)
14 verbose stack     at EventEmitter.emit (events.js:191:7)
14 verbose stack     at ChildProcess.<anonymous> (/Users/xiayan/.nvm/versions/node/v6.9.0/lib/node_modules/npm/lib/utils/spawn.js:40:14)
14 verbose stack     at emitTwo (events.js:106:13)
14 verbose stack     at ChildProcess.emit (events.js:191:7)
14 verbose stack     at maybeClose (internal/child_process.js:877:16)
14 verbose stack     at Process.ChildProcess._handle.onexit (internal/child_process.js:226:5)
15 verbose pkgid myprogram@1.0.0
16 verbose cwd /Applications/Program/duoduan/taro/myprogram
17 error Darwin 18.7.0
18 error argv "/Users/xiayan/.nvm/versions/node/v6.9.0/bin/node" "/Users/xiayan/.nvm/versions/node/v6.9.0/bin/npm" "run" "dev:h5"
19 error node v6.9.0
20 error npm  v3.10.8
21 error code ELIFECYCLE
22 error myprogram@1.0.0 dev:h5: `npm run build:h5 -- --watch`
22 error Exit status 1
23 error Failed at the myprogram@1.0.0 dev:h5 script 'npm run build:h5 -- --watch'.
23 error Make sure you have the latest version of node.js and npm installed.
23 error If you do, this is most likely a problem with the myprogram package,
23 error not with npm itself.
23 error Tell the author that this fails on your system:
23 error     npm run build:h5 -- --watch
23 error You can get information on how to open an issue for this project with:
23 error     npm bugs myprogram
23 error Or if that isn't available, you can get their info via:
23 error     npm owner ls myprogram
23 error There is likely additional logging output above.
24 verbose exit [ 1, true ]
